#-----------------------------------------------------------
# Vivado v2020.1 (64-bit)
# SW Build 2902540 on Wed May 27 19:54:49 MDT 2020
# IP Build 2902112 on Wed May 27 22:43:36 MDT 2020
# Start of session at: Wed Feb  8 08:39:40 2023
# Process ID: 20096
# Current directory: D:/OneDrive - Habib University/GitHub reps/FPGA-Health-Monitor
# Command line: vivado.exe -gui_launcher_event rodinguilauncherevent2872 D:\OneDrive - Habib University\GitHub reps\FPGA-Health-Monitor\fpga_paper.xpr
# Log file: D:/OneDrive - Habib University/GitHub reps/FPGA-Health-Monitor/vivado.log
# Journal file: D:/OneDrive - Habib University/GitHub reps/FPGA-Health-Monitor\vivado.jou
#-----------------------------------------------------------
start_gui
open_project {D:/OneDrive - Habib University/GitHub reps/FPGA-Health-Monitor/fpga_paper.xpr}
INFO: [Project 1-313] Project file moved from 'D:/vela/paper/fpga_paper' since last save.
Scanning sources...
Finished scanning sources
INFO: [IP_Flow 19-234] Refreshing IP repositories
INFO: [IP_Flow 19-1704] No user IP repositories specified
INFO: [IP_Flow 19-2313] Loaded Vivado IP repository 'C:/Xilinx/Vivado/2020.1/data/ip'.
open_project: Time (s): cpu = 00:00:26 ; elapsed = 00:00:14 . Memory (MB): peak = 1028.141 ; gain = 0.000
update_compile_order -fileset sources_1
add_files -norecurse {{D:/OneDrive - Habib University/GitHub reps/FPGA-Health-Monitor/fpga_paper.srcs/sources_1/new/mainpage.hex.v} {D:/OneDrive - Habib University/GitHub reps/FPGA-Health-Monitor/fpga_paper.srcs/sources_1/new/lastpage.hex.v}}
update_compile_order -fileset sources_1
update_compile_order -fileset sources_1
reset_run synth_1
INFO: [Project 1-954] Importing D:/OneDrive - Habib University/GitHub reps/FPGA-Health-Monitor/fpga_paper.runs/synth_1/top.dcp file to utils Fileset.
launch_runs impl_1 -to_step write_bitstream -jobs 2
[Wed Feb  8 08:50:39 2023] Launched synth_1...
Run output will be captured here: D:/OneDrive - Habib University/GitHub reps/FPGA-Health-Monitor/fpga_paper.runs/synth_1/runme.log
[Wed Feb  8 08:50:39 2023] Launched impl_1...
Run output will be captured here: D:/OneDrive - Habib University/GitHub reps/FPGA-Health-Monitor/fpga_paper.runs/impl_1/runme.log
reset_run synth_1
launch_runs impl_1 -to_step write_bitstream -jobs 2
[Wed Feb  8 08:56:23 2023] Launched synth_1...
Run output will be captured here: D:/OneDrive - Habib University/GitHub reps/FPGA-Health-Monitor/fpga_paper.runs/synth_1/runme.log
[Wed Feb  8 08:56:23 2023] Launched impl_1...
Run output will be captured here: D:/OneDrive - Habib University/GitHub reps/FPGA-Health-Monitor/fpga_paper.runs/impl_1/runme.log
read_checkpoint-help
invalid command name "read_checkpoint-help"
read_checkpoint
Command: read_checkpoint
ERROR: [Common 17-161] Invalid option value '' specified for '-file'.
read_checkpoint c
Command: read_checkpoint c
ERROR: [Common 17-69] Command failed: File 'D:/OneDrive - Habib University/GitHub reps/FPGA-Health-Monitor/c' does not exist
read_checkpoint top.dcp
Command: read_checkpoint top.dcp
ERROR: [Common 17-69] Command failed: File 'D:/OneDrive - Habib University/GitHub reps/FPGA-Health-Monitor/top.dcp' does not exist
reset_run synth_1
launch_runs impl_1 -to_step write_bitstream -jobs 2
[Wed Feb  8 09:01:47 2023] Launched synth_1...
Run output will be captured here: D:/OneDrive - Habib University/GitHub reps/FPGA-Health-Monitor/fpga_paper.runs/synth_1/runme.log
[Wed Feb  8 09:01:47 2023] Launched impl_1...
Run output will be captured here: D:/OneDrive - Habib University/GitHub reps/FPGA-Health-Monitor/fpga_paper.runs/impl_1/runme.log
reset_run synth_1
launch_runs synth_1 -jobs 2
[Wed Feb  8 09:07:01 2023] Launched synth_1...
Run output will be captured here: D:/OneDrive - Habib University/GitHub reps/FPGA-Health-Monitor/fpga_paper.runs/synth_1/runme.log
update_compile_order -fileset sources_1
reset_run synth_1
launch_runs impl_1 -to_step write_bitstream -jobs 2
[Wed Feb  8 09:44:24 2023] Launched synth_1...
Run output will be captured here: D:/OneDrive - Habib University/GitHub reps/FPGA-Health-Monitor/fpga_paper.runs/synth_1/runme.log
[Wed Feb  8 09:44:24 2023] Launched impl_1...
Run output will be captured here: D:/OneDrive - Habib University/GitHub reps/FPGA-Health-Monitor/fpga_paper.runs/impl_1/runme.log
update_compile_order -fileset sources_1
reset_run synth_1
launch_runs impl_1 -to_step write_bitstream -jobs 2
[Wed Feb  8 09:45:28 2023] Launched synth_1...
Run output will be captured here: D:/OneDrive - Habib University/GitHub reps/FPGA-Health-Monitor/fpga_paper.runs/synth_1/runme.log
[Wed Feb  8 09:45:29 2023] Launched impl_1...
Run output will be captured here: D:/OneDrive - Habib University/GitHub reps/FPGA-Health-Monitor/fpga_paper.runs/impl_1/runme.log
reset_run synth_1
launch_runs impl_1 -to_step write_bitstream -jobs 2
[Wed Feb  8 09:47:04 2023] Launched synth_1...
Run output will be captured here: D:/OneDrive - Habib University/GitHub reps/FPGA-Health-Monitor/fpga_paper.runs/synth_1/runme.log
[Wed Feb  8 09:47:04 2023] Launched impl_1...
Run output will be captured here: D:/OneDrive - Habib University/GitHub reps/FPGA-Health-Monitor/fpga_paper.runs/impl_1/runme.log
reset_run synth_1
launch_runs impl_1 -to_step write_bitstream -jobs 2
[Wed Feb  8 09:48:36 2023] Launched synth_1...
Run output will be captured here: D:/OneDrive - Habib University/GitHub reps/FPGA-Health-Monitor/fpga_paper.runs/synth_1/runme.log
[Wed Feb  8 09:48:36 2023] Launched impl_1...
Run output will be captured here: D:/OneDrive - Habib University/GitHub reps/FPGA-Health-Monitor/fpga_paper.runs/impl_1/runme.log
export_ip_user_files -of_objects  [get_files {{D:/OneDrive - Habib University/GitHub reps/FPGA-Health-Monitor/fpga_paper.srcs/sources_1/new/mainpage.hex.v}}] -no_script -reset -force -quiet
remove_files  {{D:/OneDrive - Habib University/GitHub reps/FPGA-Health-Monitor/fpga_paper.srcs/sources_1/new/mainpage.hex.v}}
export_ip_user_files -of_objects  [get_files {{D:/OneDrive - Habib University/GitHub reps/FPGA-Health-Monitor/fpga_paper.srcs/sources_1/new/lastpage.hex.v}}] -no_script -reset -force -quiet
remove_files  {{D:/OneDrive - Habib University/GitHub reps/FPGA-Health-Monitor/fpga_paper.srcs/sources_1/new/lastpage.hex.v}}
reset_run synth_1
launch_runs impl_1 -to_step write_bitstream -jobs 2
[Wed Feb  8 09:49:58 2023] Launched synth_1...
Run output will be captured here: D:/OneDrive - Habib University/GitHub reps/FPGA-Health-Monitor/fpga_paper.runs/synth_1/runme.log
[Wed Feb  8 09:49:58 2023] Launched impl_1...
Run output will be captured here: D:/OneDrive - Habib University/GitHub reps/FPGA-Health-Monitor/fpga_paper.runs/impl_1/runme.log
