#-----------------------------------------------------------
# Vivado v2020.1 (64-bit)
# SW Build 2902540 on Wed May 27 19:54:49 MDT 2020
# IP Build 2902112 on Wed May 27 22:43:36 MDT 2020
# Start of session at: Thu Feb  2 08:40:59 2023
# Process ID: 1316
# Current directory: D:/vela/paper/fpga_paper
# Command line: vivado.exe -gui_launcher_event rodinguilauncherevent10256 D:\vela\paper\fpga_paper\fpga_paper.xpr
# Log file: D:/vela/paper/fpga_paper/vivado.log
# Journal file: D:/vela/paper/fpga_paper\vivado.jou
#-----------------------------------------------------------
start_gui
open_project D:/vela/paper/fpga_paper/fpga_paper.xpr
Scanning sources...
Finished scanning sources
INFO: [IP_Flow 19-234] Refreshing IP repositories
INFO: [IP_Flow 19-1704] No user IP repositories specified
INFO: [IP_Flow 19-2313] Loaded Vivado IP repository 'C:/Xilinx/Vivado/2020.1/data/ip'.
open_project: Time (s): cpu = 00:00:30 ; elapsed = 00:00:16 . Memory (MB): peak = 1015.281 ; gain = 0.000
update_compile_order -fileset sources_1
open_hw_manager
connect_hw_server -allow_non_jtag
INFO: [Labtools 27-2285] Connecting to hw_server url TCP:localhost:3121
INFO: [Labtools 27-2222] Launching hw_server...
INFO: [Labtools 27-2221] Launch Output:

****** Xilinx hw_server v2020.1
  **** Build date : May 27 2020 at 20:24:38
    ** Copyright 1986-2020 Xilinx, Inc. All Rights Reserved.


INFO: [Labtools 27-3415] Connecting to cs_server url TCP:localhost:3042
INFO: [Labtools 27-3417] Launching cs_server...
INFO: [Labtools 27-2221] Launch Output:


****** Xilinx cs_server v2020.1.0
  **** Build date : May 14 2020-06:10:29
    ** Copyright 2017-2020 Xilinx, Inc. All Rights Reserved.



connect_hw_server: Time (s): cpu = 00:00:05 ; elapsed = 00:00:10 . Memory (MB): peak = 1015.281 ; gain = 0.000
open_hw_target
INFO: [Labtoolstcl 44-466] Opening hw_target localhost:3121/xilinx_tcf/Digilent/210183AF2A4FA
open_hw_target: Time (s): cpu = 00:00:08 ; elapsed = 00:00:08 . Memory (MB): peak = 2134.629 ; gain = 1119.348
set_property PROGRAM.FILE {D:/vela/paper/fpga_paper/fpga_paper.runs/impl_1/top.bit} [get_hw_devices xc7a35t_0]
current_hw_device [get_hw_devices xc7a35t_0]
refresh_hw_device -update_hw_probes false [lindex [get_hw_devices xc7a35t_0] 0]
INFO: [Labtools 27-1434] Device xc7a35t (JTAG device index = 0) is programmed with a design that has no supported debug core(s) in it.
set_property PROBES.FILE {} [get_hw_devices xc7a35t_0]
set_property FULL_PROBES.FILE {} [get_hw_devices xc7a35t_0]
set_property PROGRAM.FILE {D:/vela/paper/fpga_paper/fpga_paper.runs/impl_1/top.bit} [get_hw_devices xc7a35t_0]
program_hw_devices [get_hw_devices xc7a35t_0]
INFO: [Labtools 27-3164] End of startup status: HIGH
refresh_hw_device [lindex [get_hw_devices xc7a35t_0] 0]
INFO: [Labtools 27-1434] Device xc7a35t (JTAG device index = 0) is programmed with a design that has no supported debug core(s) in it.
reset_run synth_1
INFO: [filemgmt 20-762] Replacing file 'D:/vela/paper/fpga_paper/fpga_paper.srcs/utils_1/imports/synth_1/top.dcp' with file 'D:/vela/paper/fpga_paper/fpga_paper.runs/synth_1/top.dcp'.
INFO: [filemgmt 20-1080] Importing file from 'D:/vela/paper/fpga_paper/fpga_paper.runs/synth_1/top.dcp' to 'D:/vela/paper/fpga_paper/fpga_paper.srcs/utils_1/imports/synth_1/top.dcp'.
launch_runs impl_1 -to_step write_bitstream -jobs 2
[Thu Feb  2 08:44:39 2023] Launched synth_1...
Run output will be captured here: D:/vela/paper/fpga_paper/fpga_paper.runs/synth_1/runme.log
[Thu Feb  2 08:44:39 2023] Launched impl_1...
Run output will be captured here: D:/vela/paper/fpga_paper/fpga_paper.runs/impl_1/runme.log
set_property PROBES.FILE {} [get_hw_devices xc7a35t_0]
set_property FULL_PROBES.FILE {} [get_hw_devices xc7a35t_0]
set_property PROGRAM.FILE {D:/vela/paper/fpga_paper/fpga_paper.runs/impl_1/top.bit} [get_hw_devices xc7a35t_0]
program_hw_devices [get_hw_devices xc7a35t_0]
INFO: [Labtools 27-3164] End of startup status: HIGH
refresh_hw_device [lindex [get_hw_devices xc7a35t_0] 0]
INFO: [Labtools 27-1434] Device xc7a35t (JTAG device index = 0) is programmed with a design that has no supported debug core(s) in it.
reset_run synth_1
INFO: [filemgmt 20-762] Replacing file 'D:/vela/paper/fpga_paper/fpga_paper.srcs/utils_1/imports/synth_1/top.dcp' with file 'D:/vela/paper/fpga_paper/fpga_paper.runs/synth_1/top.dcp'.
INFO: [filemgmt 20-1080] Importing file from 'D:/vela/paper/fpga_paper/fpga_paper.runs/synth_1/top.dcp' to 'D:/vela/paper/fpga_paper/fpga_paper.srcs/utils_1/imports/synth_1/top.dcp'.
launch_runs impl_1 -to_step write_bitstream -jobs 2
[Thu Feb  2 08:51:25 2023] Launched synth_1...
Run output will be captured here: D:/vela/paper/fpga_paper/fpga_paper.runs/synth_1/runme.log
[Thu Feb  2 08:51:25 2023] Launched impl_1...
Run output will be captured here: D:/vela/paper/fpga_paper/fpga_paper.runs/impl_1/runme.log
set_property PROBES.FILE {} [get_hw_devices xc7a35t_0]
set_property FULL_PROBES.FILE {} [get_hw_devices xc7a35t_0]
set_property PROGRAM.FILE {D:/vela/paper/fpga_paper/fpga_paper.runs/impl_1/top.bit} [get_hw_devices xc7a35t_0]
program_hw_devices [get_hw_devices xc7a35t_0]
INFO: [Labtools 27-3164] End of startup status: HIGH
refresh_hw_device [lindex [get_hw_devices xc7a35t_0] 0]
INFO: [Labtools 27-1434] Device xc7a35t (JTAG device index = 0) is programmed with a design that has no supported debug core(s) in it.
reset_run synth_1
INFO: [filemgmt 20-762] Replacing file 'D:/vela/paper/fpga_paper/fpga_paper.srcs/utils_1/imports/synth_1/top.dcp' with file 'D:/vela/paper/fpga_paper/fpga_paper.runs/synth_1/top.dcp'.
INFO: [filemgmt 20-1080] Importing file from 'D:/vela/paper/fpga_paper/fpga_paper.runs/synth_1/top.dcp' to 'D:/vela/paper/fpga_paper/fpga_paper.srcs/utils_1/imports/synth_1/top.dcp'.
launch_runs impl_1 -to_step write_bitstream -jobs 2
[Thu Feb  2 09:06:07 2023] Launched synth_1...
Run output will be captured here: D:/vela/paper/fpga_paper/fpga_paper.runs/synth_1/runme.log
[Thu Feb  2 09:06:07 2023] Launched impl_1...
Run output will be captured here: D:/vela/paper/fpga_paper/fpga_paper.runs/impl_1/runme.log
set_property PROBES.FILE {} [get_hw_devices xc7a35t_0]
set_property FULL_PROBES.FILE {} [get_hw_devices xc7a35t_0]
set_property PROGRAM.FILE {D:/vela/paper/fpga_paper/fpga_paper.runs/impl_1/top.bit} [get_hw_devices xc7a35t_0]
program_hw_devices [get_hw_devices xc7a35t_0]
INFO: [Labtools 27-3164] End of startup status: HIGH
refresh_hw_device [lindex [get_hw_devices xc7a35t_0] 0]
INFO: [Labtools 27-1434] Device xc7a35t (JTAG device index = 0) is programmed with a design that has no supported debug core(s) in it.
reset_run synth_1
INFO: [filemgmt 20-762] Replacing file 'D:/vela/paper/fpga_paper/fpga_paper.srcs/utils_1/imports/synth_1/top.dcp' with file 'D:/vela/paper/fpga_paper/fpga_paper.runs/synth_1/top.dcp'.
INFO: [filemgmt 20-1080] Importing file from 'D:/vela/paper/fpga_paper/fpga_paper.runs/synth_1/top.dcp' to 'D:/vela/paper/fpga_paper/fpga_paper.srcs/utils_1/imports/synth_1/top.dcp'.
launch_runs impl_1 -to_step write_bitstream -jobs 2
[Thu Feb  2 09:12:35 2023] Launched synth_1...
Run output will be captured here: D:/vela/paper/fpga_paper/fpga_paper.runs/synth_1/runme.log
[Thu Feb  2 09:12:35 2023] Launched impl_1...
Run output will be captured here: D:/vela/paper/fpga_paper/fpga_paper.runs/impl_1/runme.log
set_property PROBES.FILE {} [get_hw_devices xc7a35t_0]
set_property FULL_PROBES.FILE {} [get_hw_devices xc7a35t_0]
set_property PROGRAM.FILE {D:/vela/paper/fpga_paper/fpga_paper.runs/impl_1/top.bit} [get_hw_devices xc7a35t_0]
program_hw_devices [get_hw_devices xc7a35t_0]
INFO: [Labtools 27-3164] End of startup status: HIGH
refresh_hw_device [lindex [get_hw_devices xc7a35t_0] 0]
INFO: [Labtools 27-1434] Device xc7a35t (JTAG device index = 0) is programmed with a design that has no supported debug core(s) in it.
reset_run synth_1
INFO: [filemgmt 20-762] Replacing file 'D:/vela/paper/fpga_paper/fpga_paper.srcs/utils_1/imports/synth_1/top.dcp' with file 'D:/vela/paper/fpga_paper/fpga_paper.runs/synth_1/top.dcp'.
INFO: [filemgmt 20-1080] Importing file from 'D:/vela/paper/fpga_paper/fpga_paper.runs/synth_1/top.dcp' to 'D:/vela/paper/fpga_paper/fpga_paper.srcs/utils_1/imports/synth_1/top.dcp'.
launch_runs impl_1 -to_step write_bitstream -jobs 2
[Thu Feb  2 09:21:27 2023] Launched synth_1...
Run output will be captured here: D:/vela/paper/fpga_paper/fpga_paper.runs/synth_1/runme.log
[Thu Feb  2 09:21:27 2023] Launched impl_1...
Run output will be captured here: D:/vela/paper/fpga_paper/fpga_paper.runs/impl_1/runme.log
set_property PROBES.FILE {} [get_hw_devices xc7a35t_0]
set_property FULL_PROBES.FILE {} [get_hw_devices xc7a35t_0]
set_property PROGRAM.FILE {D:/vela/paper/fpga_paper/fpga_paper.runs/impl_1/top.bit} [get_hw_devices xc7a35t_0]
program_hw_devices [get_hw_devices xc7a35t_0]
INFO: [Labtools 27-3164] End of startup status: HIGH
refresh_hw_device [lindex [get_hw_devices xc7a35t_0] 0]
INFO: [Labtools 27-1434] Device xc7a35t (JTAG device index = 0) is programmed with a design that has no supported debug core(s) in it.
reset_run synth_1
INFO: [filemgmt 20-762] Replacing file 'D:/vela/paper/fpga_paper/fpga_paper.srcs/utils_1/imports/synth_1/top.dcp' with file 'D:/vela/paper/fpga_paper/fpga_paper.runs/synth_1/top.dcp'.
INFO: [filemgmt 20-1080] Importing file from 'D:/vela/paper/fpga_paper/fpga_paper.runs/synth_1/top.dcp' to 'D:/vela/paper/fpga_paper/fpga_paper.srcs/utils_1/imports/synth_1/top.dcp'.
launch_runs impl_1 -to_step write_bitstream -jobs 2
[Thu Feb  2 09:25:44 2023] Launched synth_1...
Run output will be captured here: D:/vela/paper/fpga_paper/fpga_paper.runs/synth_1/runme.log
[Thu Feb  2 09:25:44 2023] Launched impl_1...
Run output will be captured here: D:/vela/paper/fpga_paper/fpga_paper.runs/impl_1/runme.log
set_property PROBES.FILE {} [get_hw_devices xc7a35t_0]
set_property FULL_PROBES.FILE {} [get_hw_devices xc7a35t_0]
set_property PROGRAM.FILE {D:/vela/paper/fpga_paper/fpga_paper.runs/impl_1/top.bit} [get_hw_devices xc7a35t_0]
program_hw_devices [get_hw_devices xc7a35t_0]
INFO: [Labtools 27-3164] End of startup status: HIGH
refresh_hw_device [lindex [get_hw_devices xc7a35t_0] 0]
INFO: [Labtools 27-1434] Device xc7a35t (JTAG device index = 0) is programmed with a design that has no supported debug core(s) in it.
reset_run synth_1
INFO: [filemgmt 20-762] Replacing file 'D:/vela/paper/fpga_paper/fpga_paper.srcs/utils_1/imports/synth_1/top.dcp' with file 'D:/vela/paper/fpga_paper/fpga_paper.runs/synth_1/top.dcp'.
INFO: [filemgmt 20-1080] Importing file from 'D:/vela/paper/fpga_paper/fpga_paper.runs/synth_1/top.dcp' to 'D:/vela/paper/fpga_paper/fpga_paper.srcs/utils_1/imports/synth_1/top.dcp'.
launch_runs impl_1 -to_step write_bitstream -jobs 2
[Thu Feb  2 09:32:55 2023] Launched synth_1...
Run output will be captured here: D:/vela/paper/fpga_paper/fpga_paper.runs/synth_1/runme.log
[Thu Feb  2 09:32:55 2023] Launched impl_1...
Run output will be captured here: D:/vela/paper/fpga_paper/fpga_paper.runs/impl_1/runme.log
set_property PROBES.FILE {} [get_hw_devices xc7a35t_0]
set_property FULL_PROBES.FILE {} [get_hw_devices xc7a35t_0]
set_property PROGRAM.FILE {D:/vela/paper/fpga_paper/fpga_paper.runs/impl_1/top.bit} [get_hw_devices xc7a35t_0]
program_hw_devices [get_hw_devices xc7a35t_0]
INFO: [Labtools 27-3164] End of startup status: HIGH
refresh_hw_device [lindex [get_hw_devices xc7a35t_0] 0]
INFO: [Labtools 27-1434] Device xc7a35t (JTAG device index = 0) is programmed with a design that has no supported debug core(s) in it.
reset_run synth_1
INFO: [filemgmt 20-762] Replacing file 'D:/vela/paper/fpga_paper/fpga_paper.srcs/utils_1/imports/synth_1/top.dcp' with file 'D:/vela/paper/fpga_paper/fpga_paper.runs/synth_1/top.dcp'.
INFO: [filemgmt 20-1080] Importing file from 'D:/vela/paper/fpga_paper/fpga_paper.runs/synth_1/top.dcp' to 'D:/vela/paper/fpga_paper/fpga_paper.srcs/utils_1/imports/synth_1/top.dcp'.
launch_runs impl_1 -to_step write_bitstream -jobs 2
[Thu Feb  2 09:39:46 2023] Launched synth_1...
Run output will be captured here: D:/vela/paper/fpga_paper/fpga_paper.runs/synth_1/runme.log
[Thu Feb  2 09:39:46 2023] Launched impl_1...
Run output will be captured here: D:/vela/paper/fpga_paper/fpga_paper.runs/impl_1/runme.log
set_property PROBES.FILE {} [get_hw_devices xc7a35t_0]
set_property FULL_PROBES.FILE {} [get_hw_devices xc7a35t_0]
set_property PROGRAM.FILE {D:/vela/paper/fpga_paper/fpga_paper.runs/impl_1/top.bit} [get_hw_devices xc7a35t_0]
program_hw_devices [get_hw_devices xc7a35t_0]
INFO: [Labtools 27-3164] End of startup status: HIGH
refresh_hw_device [lindex [get_hw_devices xc7a35t_0] 0]
INFO: [Labtools 27-1434] Device xc7a35t (JTAG device index = 0) is programmed with a design that has no supported debug core(s) in it.
reset_run synth_1
INFO: [filemgmt 20-762] Replacing file 'D:/vela/paper/fpga_paper/fpga_paper.srcs/utils_1/imports/synth_1/top.dcp' with file 'D:/vela/paper/fpga_paper/fpga_paper.runs/synth_1/top.dcp'.
INFO: [filemgmt 20-1080] Importing file from 'D:/vela/paper/fpga_paper/fpga_paper.runs/synth_1/top.dcp' to 'D:/vela/paper/fpga_paper/fpga_paper.srcs/utils_1/imports/synth_1/top.dcp'.
launch_runs impl_1 -to_step write_bitstream -jobs 2
[Thu Feb  2 09:52:32 2023] Launched synth_1...
Run output will be captured here: D:/vela/paper/fpga_paper/fpga_paper.runs/synth_1/runme.log
[Thu Feb  2 09:52:32 2023] Launched impl_1...
Run output will be captured here: D:/vela/paper/fpga_paper/fpga_paper.runs/impl_1/runme.log
reset_run synth_1
launch_runs impl_1 -to_step write_bitstream -jobs 2
[Thu Feb  2 09:54:48 2023] Launched synth_1...
Run output will be captured here: D:/vela/paper/fpga_paper/fpga_paper.runs/synth_1/runme.log
[Thu Feb  2 09:54:48 2023] Launched impl_1...
Run output will be captured here: D:/vela/paper/fpga_paper/fpga_paper.runs/impl_1/runme.log
reset_run synth_1
launch_runs impl_1 -to_step write_bitstream -jobs 2
[Thu Feb  2 09:57:27 2023] Launched synth_1...
Run output will be captured here: D:/vela/paper/fpga_paper/fpga_paper.runs/synth_1/runme.log
[Thu Feb  2 09:57:27 2023] Launched impl_1...
Run output will be captured here: D:/vela/paper/fpga_paper/fpga_paper.runs/impl_1/runme.log
reset_run synth_1
INFO: [filemgmt 20-762] Replacing file 'D:/vela/paper/fpga_paper/fpga_paper.srcs/utils_1/imports/synth_1/top.dcp' with file 'D:/vela/paper/fpga_paper/fpga_paper.runs/synth_1/top.dcp'.
INFO: [filemgmt 20-1080] Importing file from 'D:/vela/paper/fpga_paper/fpga_paper.runs/synth_1/top.dcp' to 'D:/vela/paper/fpga_paper/fpga_paper.srcs/utils_1/imports/synth_1/top.dcp'.
launch_runs impl_1 -to_step write_bitstream -jobs 2
[Thu Feb  2 10:01:51 2023] Launched synth_1...
Run output will be captured here: D:/vela/paper/fpga_paper/fpga_paper.runs/synth_1/runme.log
[Thu Feb  2 10:01:51 2023] Launched impl_1...
Run output will be captured here: D:/vela/paper/fpga_paper/fpga_paper.runs/impl_1/runme.log
reset_run synth_1
INFO: [filemgmt 20-762] Replacing file 'D:/vela/paper/fpga_paper/fpga_paper.srcs/utils_1/imports/synth_1/top.dcp' with file 'D:/vela/paper/fpga_paper/fpga_paper.runs/synth_1/top.dcp'.
INFO: [filemgmt 20-1080] Importing file from 'D:/vela/paper/fpga_paper/fpga_paper.runs/synth_1/top.dcp' to 'D:/vela/paper/fpga_paper/fpga_paper.srcs/utils_1/imports/synth_1/top.dcp'.
launch_runs impl_1 -to_step write_bitstream -jobs 2
[Thu Feb  2 10:05:22 2023] Launched synth_1...
Run output will be captured here: D:/vela/paper/fpga_paper/fpga_paper.runs/synth_1/runme.log
[Thu Feb  2 10:05:22 2023] Launched impl_1...
Run output will be captured here: D:/vela/paper/fpga_paper/fpga_paper.runs/impl_1/runme.log
set_property PROBES.FILE {} [get_hw_devices xc7a35t_0]
set_property FULL_PROBES.FILE {} [get_hw_devices xc7a35t_0]
set_property PROGRAM.FILE {D:/vela/paper/fpga_paper/fpga_paper.runs/impl_1/top.bit} [get_hw_devices xc7a35t_0]
program_hw_devices [get_hw_devices xc7a35t_0]
INFO: [Labtools 27-3164] End of startup status: HIGH
refresh_hw_device [lindex [get_hw_devices xc7a35t_0] 0]
INFO: [Labtools 27-1434] Device xc7a35t (JTAG device index = 0) is programmed with a design that has no supported debug core(s) in it.
reset_run synth_1
INFO: [filemgmt 20-762] Replacing file 'D:/vela/paper/fpga_paper/fpga_paper.srcs/utils_1/imports/synth_1/top.dcp' with file 'D:/vela/paper/fpga_paper/fpga_paper.runs/synth_1/top.dcp'.
INFO: [filemgmt 20-1080] Importing file from 'D:/vela/paper/fpga_paper/fpga_paper.runs/synth_1/top.dcp' to 'D:/vela/paper/fpga_paper/fpga_paper.srcs/utils_1/imports/synth_1/top.dcp'.
launch_runs impl_1 -to_step write_bitstream -jobs 2
[Thu Feb  2 10:11:33 2023] Launched synth_1...
Run output will be captured here: D:/vela/paper/fpga_paper/fpga_paper.runs/synth_1/runme.log
[Thu Feb  2 10:11:33 2023] Launched impl_1...
Run output will be captured here: D:/vela/paper/fpga_paper/fpga_paper.runs/impl_1/runme.log
set_property PROBES.FILE {} [get_hw_devices xc7a35t_0]
set_property FULL_PROBES.FILE {} [get_hw_devices xc7a35t_0]
set_property PROGRAM.FILE {D:/vela/paper/fpga_paper/fpga_paper.runs/impl_1/top.bit} [get_hw_devices xc7a35t_0]
program_hw_devices [get_hw_devices xc7a35t_0]
INFO: [Labtools 27-3164] End of startup status: HIGH
refresh_hw_device [lindex [get_hw_devices xc7a35t_0] 0]
INFO: [Labtools 27-1434] Device xc7a35t (JTAG device index = 0) is programmed with a design that has no supported debug core(s) in it.
reset_run synth_1
INFO: [filemgmt 20-762] Replacing file 'D:/vela/paper/fpga_paper/fpga_paper.srcs/utils_1/imports/synth_1/top.dcp' with file 'D:/vela/paper/fpga_paper/fpga_paper.runs/synth_1/top.dcp'.
INFO: [filemgmt 20-1080] Importing file from 'D:/vela/paper/fpga_paper/fpga_paper.runs/synth_1/top.dcp' to 'D:/vela/paper/fpga_paper/fpga_paper.srcs/utils_1/imports/synth_1/top.dcp'.
launch_runs impl_1 -to_step write_bitstream -jobs 2
[Thu Feb  2 10:17:35 2023] Launched synth_1...
Run output will be captured here: D:/vela/paper/fpga_paper/fpga_paper.runs/synth_1/runme.log
[Thu Feb  2 10:17:35 2023] Launched impl_1...
Run output will be captured here: D:/vela/paper/fpga_paper/fpga_paper.runs/impl_1/runme.log
set_property PROBES.FILE {} [get_hw_devices xc7a35t_0]
set_property FULL_PROBES.FILE {} [get_hw_devices xc7a35t_0]
set_property PROGRAM.FILE {D:/vela/paper/fpga_paper/fpga_paper.runs/impl_1/top.bit} [get_hw_devices xc7a35t_0]
program_hw_devices [get_hw_devices xc7a35t_0]
INFO: [Labtools 27-3164] End of startup status: HIGH
refresh_hw_device [lindex [get_hw_devices xc7a35t_0] 0]
INFO: [Labtools 27-1434] Device xc7a35t (JTAG device index = 0) is programmed with a design that has no supported debug core(s) in it.
reset_run synth_1
INFO: [filemgmt 20-762] Replacing file 'D:/vela/paper/fpga_paper/fpga_paper.srcs/utils_1/imports/synth_1/top.dcp' with file 'D:/vela/paper/fpga_paper/fpga_paper.runs/synth_1/top.dcp'.
INFO: [filemgmt 20-1080] Importing file from 'D:/vela/paper/fpga_paper/fpga_paper.runs/synth_1/top.dcp' to 'D:/vela/paper/fpga_paper/fpga_paper.srcs/utils_1/imports/synth_1/top.dcp'.
launch_runs impl_1 -to_step write_bitstream -jobs 2
[Thu Feb  2 10:27:48 2023] Launched synth_1...
Run output will be captured here: D:/vela/paper/fpga_paper/fpga_paper.runs/synth_1/runme.log
[Thu Feb  2 10:27:48 2023] Launched impl_1...
Run output will be captured here: D:/vela/paper/fpga_paper/fpga_paper.runs/impl_1/runme.log
ERROR: [Labtoolstcl 44-513] HW Target shutdown. Closing target: localhost:3121/xilinx_tcf/Digilent/210183AF2A4FA
exit
INFO: [Common 17-206] Exiting Vivado at Thu Feb  2 10:44:02 2023...
