#-----------------------------------------------------------
# Vivado v2020.1 (64-bit)
# SW Build 2902540 on Wed May 27 19:54:49 MDT 2020
# IP Build 2902112 on Wed May 27 22:43:36 MDT 2020
# Start of session at: Wed Feb  8 08:36:07 2023
# Process ID: 19472
# Current directory: D:/OneDrive - Habib University/GitHub reps/FPGA-Health-Monitor
# Command line: vivado.exe -gui_launcher_event rodinguilauncherevent7784 D:\OneDrive - Habib University\GitHub reps\FPGA-Health-Monitor\fpga_paper.xpr
# Log file: D:/OneDrive - Habib University/GitHub reps/FPGA-Health-Monitor/vivado.log
# Journal file: D:/OneDrive - Habib University/GitHub reps/FPGA-Health-Monitor\vivado.jou
#-----------------------------------------------------------
start_gui
open_project {D:/OneDrive - Habib University/GitHub reps/FPGA-Health-Monitor/fpga_paper.xpr}
INFO: [Project 1-313] Project file moved from 'D:/vela/paper/fpga_paper' since last save.
Scanning sources...
Finished scanning sources
INFO: [IP_Flow 19-234] Refreshing IP repositories
INFO: [IP_Flow 19-1704] No user IP repositories specified
INFO: [IP_Flow 19-2313] Loaded Vivado IP repository 'C:/Xilinx/Vivado/2020.1/data/ip'.
open_project: Time (s): cpu = 00:00:44 ; elapsed = 00:00:25 . Memory (MB): peak = 1013.797 ; gain = 0.000
update_compile_order -fileset sources_1
exit
INFO: [Common 17-206] Exiting Vivado at Wed Feb  8 08:39:21 2023...
